Starting the Apache2.2 service
The Apache2.2 service is running.
rmine the server's fully qualified domain name, using 192.168.87.36 for ServerName
[Wed Jun 08 19:45:03 2011] [notice] Apache/2.2.19 (Win32) configured -- resuming normal operations
[Wed Jun 08 19:45:03 2011] [notice] Server built: May 20 2011 17:39:35
[Wed Jun 08 19:45:03 2011] [notice] Parent: Created child process 2880
httpd.exe: Could not reliably determine the server's fully qualified domain name, using 192.168.87.36 for ServerName
httpd.exe: Could not reliably determine the server's fully qualified domain name, using 192.168.87.36 for ServerName
[Wed Jun 08 19:45:04 2011] [notice] Child 2880: Child process is running
[Wed Jun 08 19:45:04 2011] [notice] Child 2880: Acquired the start mutex.
[Wed Jun 08 19:45:04 2011] [notice] Child 2880: Starting 64 worker threads.
[Wed Jun 08 19:45:04 2011] [notice] Child 2880: Starting thread to listen on port 80.
[Wed Jun 08 19:49:12 2011] [error] [client 127.0.0.1] File does not exist: C:/ZPanel/bin/apache/htdocs/favicon.ico
[Wed Jun 08 19:57:58 2011] [error] [client 127.0.0.1] File does not exist: C:/ZPanel/bin/apache/htdocs/favicon.ico
[Wed Jun 08 20:14:06 2011] [error] [client 127.0.0.1] File does not exist: C:/ZPanel/bin/apache/htdocs/favicon.ico
[Wed Jun 08 20:49:28 2011] [notice] Parent: Received restart signal -- Restarting the server.
[Wed Jun 08 20:49:28 2011] [notice] Child 2880: Exit event signaled. Child process is ending.
Warning: DocumentRoot [C:/ZPanel/bin/apache/docs/dummy-host.zpanel.local] does not exist
Warning: DocumentRoot [C:/ZPanel/bin/apache/docs/dummy-host2.zpanel.local] does not exist
httpd.exe: Could not reliably determine the server's fully qualified domain name, using 192.168.87.36 for ServerName
[Wed Jun 08 20:49:28 2011] [notice] Apache/2.2.19 (Win32) configured -- resuming normal operations
[Wed Jun 08 20:49:28 2011] [notice] Server built: May 20 2011 17:39:35
[Wed Jun 08 20:49:28 2011] [notice] Parent: Created child process 4828
Warning: DocumentRoot [C:/ZPanel/bin/apache/docs/dummy-host.zpanel.local] does not exist
Warning: DocumentRoot [C:/ZPanel/bin/apache/docs/dummy-host2.zpanel.local] does not exist
httpd.exe: Could not reliably determine the server's fully qualified domain name, using 192.168.87.36 for ServerName
Warning: DocumentRoot [C:/ZPanel/bin/apache/docs/dummy-host.zpanel.local] does not exist
Warning: DocumentRoot [C:/ZPanel/bin/apache/docs/dummy-host2.zpanel.local] does not exist
httpd.exe: Could not reliably determine the server's fully qualified domain name, using 192.168.87.36 for ServerName
PHP Warning:  PHP Startup: curl: Unable to initialize module\nModule compiled with build ID=API20090626,TS,VC9\nPHP    compiled with build ID=API20090626,TS,VC6\nThese options need to match\n in Unknown on line 0
PHP Warning:  PHP Startup: gd: Unable to initialize module\nModule compiled with build ID=API20090626,TS,VC9\nPHP    compiled with build ID=API20090626,TS,VC6\nThese options need to match\n in Unknown on line 0
[Wed Jun 08 20:49:29 2011] [notice] Child 2880: Released the start mutex
PHP Warning:  PHP Startup: imap: Unable to initialize module\nModule compiled with build ID=API20090626,TS,VC9\nPHP    compiled with build ID=API20090626,TS,VC6\nThese options need to match\n in Unknown on line 0
PHP Warning:  PHP Startup: mbstring: Unable to initialize module\nModule compiled with build ID=API20090626,TS,VC9\nPHP    compiled with build ID=API20090626,TS,VC6\nThese options need to match\n in Unknown on line 0
PHP Warning:  PHP Startup: mysql: Unable to initialize module\nModule compiled with build ID=API20090626,TS,VC9\nPHP    compiled with build ID=API20090626,TS,VC6\nThese options need to match\n in Unknown on line 0
PHP Warning:  PHP Startup: mysqli: Unable to initialize module\nModule compiled with build ID=API20090626,TS,VC9\nPHP    compiled with build ID=API20090626,TS,VC6\nThese options need to match\n in Unknown on line 0
PHP Warning:  PHP Startup: soap: Unable to initialize module\nModule compiled with build ID=API20090626,TS,VC9\nPHP    compiled with build ID=API20090626,TS,VC6\nThese options need to match\n in Unknown on line 0
PHP Warning:  PHP Startup: xmlrpc: Unable to initialize module\nModule compiled with build ID=API20090626,TS,VC9\nPHP    compiled with build ID=API20090626,TS,VC6\nThese options need to match\n in Unknown on line 0
PHP Warning:  PHP Startup: xsl: Unable to initialize module\nModule compiled with build ID=API20090626,TS,VC9\nPHP    compiled with build ID=API20090626,TS,VC6\nThese options need to match\n in Unknown on line 0
PHP Warning:  PHP Startup: Unable to load dynamic library 'C:/zpanel/bin/php/ext\\php_zip.dll' - The specified module could not be found.\r\n in Unknown on line 0
[Wed Jun 08 20:49:29 2011] [notice] Child 4828: Child process is running
[Wed Jun 08 20:49:29 2011] [notice] Child 4828: Acquired the start mutex.
[Wed Jun 08 20:49:29 2011] [notice] Child 4828: Starting 64 worker threads.
[Wed Jun 08 20:49:29 2011] [notice] Child 4828: Starting thread to listen on port 80.
[Wed Jun 08 20:49:30 2011] [notice] Child 2880: All worker threads have exited.
[Wed Jun 08 20:49:30 2011] [notice] Child 2880: Child process is exiting
[Wed Jun 08 23:38:10 2011] [notice] Parent: Received shutdown signal -- Shutting down the server.
[Wed Jun 08 23:38:10 2011] [notice] Child 4828: Exit event signaled. Child process is ending.
[Wed Jun 08 23:38:11 2011] [notice] Child 4828: Released the start mutex
[Wed Jun 08 23:38:12 2011] [notice] Child 4828: All worker threads have exited.
[Wed Jun 08 23:38:13 2011] [notice] Child 4828: Child process is exiting
[Wed Jun 08 23:38:16 2011] [notice] Parent: Child process exited successfully.
httpd.exe: Could not reliably determine the server's fully qualified domain name, using 192.168.87.36 for ServerName
[Wed Jun 08 23:38:21 2011] [notice] mod_bw : Memory Allocated 0 bytes (each conf takes 40 bytes)
[Wed Jun 08 23:38:21 2011] [notice] mod_bw : Version 0.92 - Initialized [0 Confs]
[Wed Jun 08 23:38:21 2011] [notice] mod_bw : Supported resolution for Timers [ Min: 1 Max: 1000000 ]
[Wed Jun 08 23:38:21 2011] [notice] mod_bw : Enabling High resolution timers [ 1 ms ]
httpd.exe: Could not reliably determine the server's fully qualified domain name, using 192.168.87.36 for ServerName
[Wed Jun 08 23:41:32 2011] [warn] pid file C:/ZPanel/bin/apache/logs/httpd.pid overwritten -- Unclean shutdown of previous Apache run?
[Wed Jun 08 23:41:32 2011] [notice] mod_bw : Memory Allocated 0 bytes (each conf takes 40 bytes)
[Wed Jun 08 23:41:32 2011] [notice] mod_bw : Version 0.92 - Initialized [0 Confs]
[Wed Jun 08 23:41:32 2011] [notice] mod_bw : Supported resolution for Timers [ Min: 1 Max: 1000000 ]
[Wed Jun 08 23:41:32 2011] [notice] mod_bw : Enabling High resolution timers [ 1 ms ]
httpd.exe: Could not reliably determine the server's fully qualified domain name, using 192.168.87.36 for ServerName
[Thu Jun 09 13:09:53 2011] [warn] pid file C:/ZPanel/bin/apache/logs/httpd.pid overwritten -- Unclean shutdown of previous Apache run?
[Thu Jun 09 13:09:53 2011] [notice] mod_bw : Memory Allocated 0 bytes (each conf takes 40 bytes)
[Thu Jun 09 13:09:53 2011] [notice] mod_bw : Version 0.92 - Initialized [0 Confs]
[Thu Jun 09 13:09:53 2011] [notice] mod_bw : Supported resolution for Timers [ Min: 1 Max: 1000000 ]
[Thu Jun 09 13:09:53 2011] [notice] mod_bw : Enabling High resolution timers [ 1 ms ]
httpd.exe: Could not reliably determine the server's fully qualified domain name, using 169.254.165.63 for ServerName
[Thu Jun 09 22:56:29 2011] [warn] pid file C:/ZPanel/bin/apache/logs/httpd.pid overwritten -- Unclean shutdown of previous Apache run?
[Thu Jun 09 22:56:29 2011] [notice] mod_bw : Memory Allocated 0 bytes (each conf takes 40 bytes)
[Thu Jun 09 22:56:29 2011] [notice] mod_bw : Version 0.92 - Initialized [0 Confs]
[Thu Jun 09 22:56:29 2011] [notice] mod_bw : Supported resolution for Timers [ Min: 1 Max: 1000000 ]
[Thu Jun 09 22:56:29 2011] [notice] mod_bw : Enabling High resolution timers [ 1 ms ]
httpd.exe: Could not reliably determine the server's fully qualified domain name, using 192.168.87.35 for ServerName
[Fri Jun 10 13:07:35 2011] [warn] pid file C:/ZPanel/bin/apache/logs/httpd.pid overwritten -- Unclean shutdown of previous Apache run?
[Fri Jun 10 13:07:35 2011] [notice] mod_bw : Memory Allocated 0 bytes (each conf takes 40 bytes)
[Fri Jun 10 13:07:35 2011] [notice] mod_bw : Version 0.92 - Initialized [0 Confs]
[Fri Jun 10 13:07:35 2011] [notice] mod_bw : Supported resolution for Timers [ Min: 1 Max: 1000000 ]
[Fri Jun 10 13:07:35 2011] [notice] mod_bw : Enabling High resolution timers [ 1 ms ]
httpd.exe: Could not reliably determine the server's fully qualified domain name, using 169.254.165.63 for ServerName
[Fri Jun 10 17:30:31 2011] [warn] pid file C:/ZPanel/bin/apache/logs/httpd.pid overwritten -- Unclean shutdown of previous Apache run?
[Fri Jun 10 17:30:31 2011] [notice] mod_bw : Memory Allocated 0 bytes (each conf takes 40 bytes)
[Fri Jun 10 17:30:31 2011] [notice] mod_bw : Version 0.92 - Initialized [0 Confs]
[Fri Jun 10 17:30:31 2011] [notice] mod_bw : Supported resolution for Timers [ Min: 1 Max: 1000000 ]
[Fri Jun 10 17:30:31 2011] [notice] mod_bw : Enabling High resolution timers [ 1 ms ]
httpd.exe: Could not reliably determine the server's fully qualified domain name, using 91.121.177.128 for ServerName
[Sun Jul 29 19:03:50 2012] [warn] pid file C:/zpanel/bin/apache/logs/httpd.pid overwritten -- Unclean shutdown of previous Apache run?
[Sun Jul 29 19:03:50 2012] [notice] mod_bw : Memory Allocated 0 bytes (each conf takes 40 bytes)
[Sun Jul 29 19:03:50 2012] [notice] mod_bw : Version 0.92 - Initialized [0 Confs]
[Sun Jul 29 19:03:50 2012] [notice] mod_bw : Supported resolution for Timers [ Min: 1 Max: 1000000 ]
[Sun Jul 29 19:03:50 2012] [notice] mod_bw : Enabling High resolution timers [ 1 ms ]
[Sun Jul 29 19:03:51 2012] [notice] Apache/2.2.19 (Win32) mod_bw/0.92 PHP/5.3.5 configured -- resuming normal operations
[Sun Jul 29 19:03:51 2012] [notice] Server built: May 20 2011 17:39:35
[Sun Jul 29 19:03:51 2012] [notice] Parent: Created child process 2564
httpd.exe: Could not reliably determine the server's fully qualified domain name, using 91.121.177.128 for ServerName
httpd.exe: Could not reliably determine the server's fully qualified domain name, using 91.121.177.128 for ServerName
[Sun Jul 29 19:03:51 2012] [notice] mod_bw : Memory Allocated 0 bytes (each conf takes 40 bytes)
[Sun Jul 29 19:03:51 2012] [notice] mod_bw : Version 0.92 - Initialized [0 Confs]
[Sun Jul 29 19:03:51 2012] [notice] mod_bw : Supported resolution for Timers [ Min: 1 Max: 1000000 ]
[Sun Jul 29 19:03:51 2012] [notice] mod_bw : Enabling High resolution timers [ 1 ms ]
[Sun Jul 29 19:03:52 2012] [notice] Child 2564: Child process is running
[Sun Jul 29 19:03:52 2012] [notice] Child 2564: Acquired the start mutex.
[Sun Jul 29 19:03:52 2012] [notice] Child 2564: Starting 64 worker threads.
[Sun Jul 29 19:03:52 2012] [notice] Child 2564: Starting thread to listen on port 80.
The Apache service is restarting.
The Apache service has restarted.
] Parent: Received restart signal -- Restarting the server.
[Sun Jul 29 19:04:09 2012] [notice] Child 2564: Exit event signaled. Child process is ending.
httpd.exe: Could not reliably determine the server's fully qualified domain name, using 91.121.177.128 for ServerName
[Sun Jul 29 19:04:10 2012] [notice] mod_bw : Memory Allocated 0 bytes (each conf takes 40 bytes)
[Sun Jul 29 19:04:10 2012] [notice] mod_bw : Version 0.92 - Initialized [0 Confs]
[Sun Jul 29 19:04:10 2012] [notice] mod_bw : Supported resolution for Timers [ Min: 1 Max: 1000000 ]
[Sun Jul 29 19:04:10 2012] [notice] mod_bw : Enabling High resolution timers [ 1 ms ]
[Sun Jul 29 19:04:10 2012] [notice] Child 2564: Released the start mutex
[Sun Jul 29 19:04:11 2012] [notice] Apache/2.2.19 (Win32) mod_bw/0.92 PHP/5.3.5 configured -- resuming normal operations
[Sun Jul 29 19:04:11 2012] [notice] Server built: May 20 2011 17:39:35
[Sun Jul 29 19:04:11 2012] [notice] Parent: Created child process 2808
httpd.exe: Could not reliably determine the server's fully qualified domain name, using 91.121.177.128 for ServerName
httpd.exe: Could not reliably determine the server's fully qualified domain name, using 91.121.177.128 for ServerName
[Sun Jul 29 19:04:11 2012] [notice] mod_bw : Memory Allocated 0 bytes (each conf takes 40 bytes)
[Sun Jul 29 19:04:11 2012] [notice] mod_bw : Version 0.92 - Initialized [0 Confs]
[Sun Jul 29 19:04:11 2012] [notice] mod_bw : Supported resolution for Timers [ Min: 1 Max: 1000000 ]
[Sun Jul 29 19:04:11 2012] [notice] mod_bw : Enabling High resolution timers [ 1 ms ]
[Sun Jul 29 19:04:11 2012] [notice] Child 2564: All worker threads have exited.
[Sun Jul 29 19:04:11 2012] [notice] Child 2564: Child process is exiting
[Sun Jul 29 19:04:12 2012] [notice] Child 2808: Child process is running
[Sun Jul 29 19:04:12 2012] [notice] Child 2808: Acquired the start mutex.
[Sun Jul 29 19:04:12 2012] [notice] Child 2808: Starting 64 worker threads.
[Sun Jul 29 19:04:12 2012] [notice] Child 2808: Starting thread to listen on port 80.
httpd.exe: Could not reliably determine the server's fully qualified domain name, using 91.121.177.128 for ServerName
[Sun Jul 29 19:07:07 2012] [warn] pid file C:/zpanel/bin/apache/logs/httpd.pid overwritten -- Unclean shutdown of previous Apache run?
[Sun Jul 29 19:07:07 2012] [notice] mod_bw : Memory Allocated 0 bytes (each conf takes 40 bytes)
[Sun Jul 29 19:07:07 2012] [notice] mod_bw : Version 0.92 - Initialized [0 Confs]
[Sun Jul 29 19:07:07 2012] [notice] mod_bw : Supported resolution for Timers [ Min: 1 Max: 1000000 ]
[Sun Jul 29 19:07:07 2012] [notice] mod_bw : Enabling High resolution timers [ 1 ms ]
[Sun Jul 29 19:07:10 2012] [notice] Apache/2.2.19 (Win32) mod_bw/0.92 PHP/5.3.5 configured -- resuming normal operations
[Sun Jul 29 19:07:10 2012] [notice] Server built: May 20 2011 17:39:35
[Sun Jul 29 19:07:10 2012] [notice] Parent: Created child process 1200
httpd.exe: Could not reliably determine the server's fully qualified domain name, using 91.121.177.128 for ServerName
httpd.exe: Could not reliably determine the server's fully qualified domain name, using 91.121.177.128 for ServerName
[Sun Jul 29 19:07:10 2012] [notice] mod_bw : Memory Allocated 0 bytes (each conf takes 40 bytes)
[Sun Jul 29 19:07:10 2012] [notice] mod_bw : Version 0.92 - Initialized [0 Confs]
[Sun Jul 29 19:07:10 2012] [notice] mod_bw : Supported resolution for Timers [ Min: 1 Max: 1000000 ]
[Sun Jul 29 19:07:10 2012] [notice] mod_bw : Enabling High resolution timers [ 1 ms ]
[Sun Jul 29 19:07:11 2012] [notice] Child 1200: Child process is running
[Sun Jul 29 19:07:11 2012] [notice] Child 1200: Acquired the start mutex.
[Sun Jul 29 19:07:11 2012] [notice] Child 1200: Starting 64 worker threads.
[Sun Jul 29 19:07:12 2012] [notice] Child 1200: Starting thread to listen on port 80.
[Sun Jul 29 19:10:07 2012] [error] [client 91.121.177.251] Directory index forbidden by Options directive: C:/zpanel/panel/
[Sun Jul 29 19:15:04 2012] [error] [client 91.121.177.251] Directory index forbidden by Options directive: C:/zpanel/panel/
[Sun Jul 29 19:20:05 2012] [error] [client 91.121.177.251] Directory index forbidden by Options directive: C:/zpanel/panel/
[Sun Jul 29 19:25:03 2012] [error] [client 91.121.177.251] Directory index forbidden by Options directive: C:/zpanel/panel/
[Sun Jul 29 19:30:03 2012] [error] [client 91.121.177.251] Directory index forbidden by Options directive: C:/zpanel/panel/
[Sun Jul 29 19:35:02 2012] [error] [client 91.121.177.251] Directory index forbidden by Options directive: C:/zpanel/panel/
[Sun Jul 29 19:40:03 2012] [error] [client 91.121.177.251] Directory index forbidden by Options directive: C:/zpanel/panel/
[Sun Jul 29 19:45:07 2012] [error] [client 91.121.177.251] Directory index forbidden by Options directive: C:/zpanel/panel/
[Sun Jul 29 19:47:29 2012] [error] [client 127.0.0.1] Directory index forbidden by Options directive: C:/zpanel/panel/
[Sun Jul 29 19:47:30 2012] [error] [client 127.0.0.1] File does not exist: C:/zpanel/panel/favicon.ico
[Sun Jul 29 19:49:04 2012] [notice] Parent: Received shutdown signal -- Shutting down the server.
[Sun Jul 29 19:49:04 2012] [notice] Child 1200: Exit event signaled. Child process is ending.
[Sun Jul 29 19:49:05 2012] [notice] Child 1200: Released the start mutex
[Sun Jul 29 19:49:06 2012] [notice] Child 1200: All worker threads have exited.
[Sun Jul 29 19:49:06 2012] [notice] Child 1200: Child process is exiting
[Sun Jul 29 19:49:06 2012] [notice] Parent: Child process exited successfully.
httpd.exe: Could not reliably determine the server's fully qualified domain name, using 91.121.177.128 for ServerName
[Sun Jul 29 19:49:23 2012] [notice] mod_bw : Memory Allocated 0 bytes (each conf takes 40 bytes)
[Sun Jul 29 19:49:23 2012] [notice] mod_bw : Version 0.92 - Initialized [0 Confs]
[Sun Jul 29 19:49:23 2012] [notice] mod_bw : Supported resolution for Timers [ Min: 1 Max: 1000000 ]
[Sun Jul 29 19:49:23 2012] [notice] mod_bw : Enabling High resolution timers [ 1 ms ]
[Sun Jul 29 19:49:24 2012] [notice] Apache/2.2.19 (Win32) mod_bw/0.92 PHP/5.3.5 configured -- resuming normal operations
[Sun Jul 29 19:49:24 2012] [notice] Server built: May 20 2011 17:39:35
[Sun Jul 29 19:49:24 2012] [notice] Parent: Created child process 4076
httpd.exe: Could not reliably determine the server's fully qualified domain name, using 91.121.177.128 for ServerName
httpd.exe: Could not reliably determine the server's fully qualified domain name, using 91.121.177.128 for ServerName
[Sun Jul 29 19:49:24 2012] [notice] mod_bw : Memory Allocated 0 bytes (each conf takes 40 bytes)
[Sun Jul 29 19:49:24 2012] [notice] mod_bw : Version 0.92 - Initialized [0 Confs]
[Sun Jul 29 19:49:24 2012] [notice] mod_bw : Supported resolution for Timers [ Min: 1 Max: 1000000 ]
[Sun Jul 29 19:49:24 2012] [notice] mod_bw : Enabling High resolution timers [ 1 ms ]
[Sun Jul 29 19:49:25 2012] [notice] Child 4076: Child process is running
[Sun Jul 29 19:49:25 2012] [notice] Child 4076: Acquired the start mutex.
[Sun Jul 29 19:49:25 2012] [notice] Child 4076: Starting 64 worker threads.
[Sun Jul 29 19:49:25 2012] [notice] Child 4076: Starting thread to listen on port 80.
[Sun Jul 29 19:50:02 2012] [error] [client 91.121.177.251] Directory index forbidden by Options directive: C:/zpanel/panel/
[Sun Jul 29 19:50:06 2012] [notice] Parent: Received shutdown signal -- Shutting down the server.
[Sun Jul 29 19:50:06 2012] [notice] Child 4076: Exit event signaled. Child process is ending.
[Sun Jul 29 19:50:07 2012] [notice] Child 4076: Released the start mutex
[Sun Jul 29 19:50:08 2012] [notice] Child 4076: All worker threads have exited.
[Sun Jul 29 19:50:08 2012] [notice] Child 4076: Child process is exiting
[Sun Jul 29 19:50:08 2012] [notice] Parent: Child process exited successfully.
httpd.exe: Could not reliably determine the server's fully qualified domain name, using 91.121.177.128 for ServerName
[Sun Jul 29 19:50:22 2012] [notice] mod_bw : Memory Allocated 0 bytes (each conf takes 40 bytes)
[Sun Jul 29 19:50:22 2012] [notice] mod_bw : Version 0.92 - Initialized [0 Confs]
[Sun Jul 29 19:50:22 2012] [notice] mod_bw : Supported resolution for Timers [ Min: 1 Max: 1000000 ]
[Sun Jul 29 19:50:22 2012] [notice] mod_bw : Enabling High resolution timers [ 1 ms ]
[Sun Jul 29 19:50:23 2012] [notice] Apache/2.2.19 (Win32) mod_bw/0.92 PHP/5.3.5 configured -- resuming normal operations
[Sun Jul 29 19:50:23 2012] [notice] Server built: May 20 2011 17:39:35
[Sun Jul 29 19:50:23 2012] [notice] Parent: Created child process 448
httpd.exe: Could not reliably determine the server's fully qualified domain name, using 91.121.177.128 for ServerName
httpd.exe: Could not reliably determine the server's fully qualified domain name, using 91.121.177.128 for ServerName
[Sun Jul 29 19:50:23 2012] [notice] mod_bw : Memory Allocated 0 bytes (each conf takes 40 bytes)
[Sun Jul 29 19:50:23 2012] [notice] mod_bw : Version 0.92 - Initialized [0 Confs]
[Sun Jul 29 19:50:23 2012] [notice] mod_bw : Supported resolution for Timers [ Min: 1 Max: 1000000 ]
[Sun Jul 29 19:50:23 2012] [notice] mod_bw : Enabling High resolution timers [ 1 ms ]
[Sun Jul 29 19:50:24 2012] [notice] Child 448: Child process is running
[Sun Jul 29 19:50:24 2012] [notice] Child 448: Acquired the start mutex.
[Sun Jul 29 19:50:24 2012] [notice] Child 448: Starting 64 worker threads.
[Sun Jul 29 19:50:24 2012] [notice] Child 448: Starting thread to listen on port 80.
[Sun Jul 29 19:50:31 2012] [notice] Parent: Received shutdown signal -- Shutting down the server.
[Sun Jul 29 19:50:31 2012] [notice] Child 448: Exit event signaled. Child process is ending.
[Sun Jul 29 19:50:32 2012] [notice] Child 448: Released the start mutex
[Sun Jul 29 19:50:33 2012] [notice] Child 448: All worker threads have exited.
[Sun Jul 29 19:50:33 2012] [notice] Child 448: Child process is exiting
[Sun Jul 29 19:50:33 2012] [notice] Parent: Child process exited successfully.
httpd.exe: Could not reliably determine the server's fully qualified domain name, using 91.121.177.128 for ServerName
[Sun Jul 29 19:51:09 2012] [notice] mod_bw : Memory Allocated 0 bytes (each conf takes 40 bytes)
[Sun Jul 29 19:51:09 2012] [notice] mod_bw : Version 0.92 - Initialized [0 Confs]
[Sun Jul 29 19:51:09 2012] [notice] mod_bw : Supported resolution for Timers [ Min: 1 Max: 1000000 ]
[Sun Jul 29 19:51:09 2012] [notice] mod_bw : Enabling High resolution timers [ 1 ms ]
[Sun Jul 29 19:51:11 2012] [notice] Apache/2.2.19 (Win32) mod_bw/0.92 PHP/5.3.5 configured -- resuming normal operations
[Sun Jul 29 19:51:11 2012] [notice] Server built: May 20 2011 17:39:35
[Sun Jul 29 19:51:11 2012] [notice] Parent: Created child process 1632
httpd.exe: Could not reliably determine the server's fully qualified domain name, using 91.121.177.128 for ServerName
httpd.exe: Could not reliably determine the server's fully qualified domain name, using 91.121.177.128 for ServerName
[Sun Jul 29 19:51:11 2012] [notice] mod_bw : Memory Allocated 0 bytes (each conf takes 40 bytes)
[Sun Jul 29 19:51:11 2012] [notice] mod_bw : Version 0.92 - Initialized [0 Confs]
[Sun Jul 29 19:51:11 2012] [notice] mod_bw : Supported resolution for Timers [ Min: 1 Max: 1000000 ]
[Sun Jul 29 19:51:11 2012] [notice] mod_bw : Enabling High resolution timers [ 1 ms ]
[Sun Jul 29 19:51:12 2012] [notice] Child 1632: Child process is running
[Sun Jul 29 19:51:12 2012] [notice] Child 1632: Acquired the start mutex.
[Sun Jul 29 19:51:12 2012] [notice] Child 1632: Starting 64 worker threads.
[Sun Jul 29 19:51:12 2012] [notice] Child 1632: Starting thread to listen on port 80.
[Sun Jul 29 19:52:03 2012] [notice] Parent: Received shutdown signal -- Shutting down the server.
[Sun Jul 29 19:52:03 2012] [notice] Child 1632: Exit event signaled. Child process is ending.
[Sun Jul 29 19:52:04 2012] [notice] Child 1632: Released the start mutex
[Sun Jul 29 19:52:05 2012] [notice] Child 1632: All worker threads have exited.
[Sun Jul 29 19:52:05 2012] [notice] Child 1632: Child process is exiting
[Sun Jul 29 19:52:05 2012] [notice] Parent: Child process exited successfully.
httpd.exe: Could not reliably determine the server's fully qualified domain name, using 91.121.177.128 for ServerName
[Sun Jul 29 19:52:16 2012] [notice] mod_bw : Memory Allocated 0 bytes (each conf takes 40 bytes)
[Sun Jul 29 19:52:16 2012] [notice] mod_bw : Version 0.92 - Initialized [0 Confs]
[Sun Jul 29 19:52:16 2012] [notice] mod_bw : Supported resolution for Timers [ Min: 1 Max: 1000000 ]
[Sun Jul 29 19:52:16 2012] [notice] mod_bw : Enabling High resolution timers [ 1 ms ]
[Sun Jul 29 19:52:16 2012] [notice] Apache/2.2.19 (Win32) mod_bw/0.92 PHP/5.3.10 configured -- resuming normal operations
[Sun Jul 29 19:52:16 2012] [notice] Server built: May 20 2011 17:39:35
[Sun Jul 29 19:52:16 2012] [notice] Parent: Created child process 3328
httpd.exe: Could not reliably determine the server's fully qualified domain name, using 91.121.177.128 for ServerName
httpd.exe: Could not reliably determine the server's fully qualified domain name, using 91.121.177.128 for ServerName
[Sun Jul 29 19:52:16 2012] [notice] mod_bw : Memory Allocated 0 bytes (each conf takes 40 bytes)
[Sun Jul 29 19:52:16 2012] [notice] mod_bw : Version 0.92 - Initialized [0 Confs]
[Sun Jul 29 19:52:16 2012] [notice] mod_bw : Supported resolution for Timers [ Min: 1 Max: 1000000 ]
[Sun Jul 29 19:52:16 2012] [notice] mod_bw : Enabling High resolution timers [ 1 ms ]
[Sun Jul 29 19:52:16 2012] [notice] Child 3328: Child process is running
[Sun Jul 29 19:52:16 2012] [notice] Child 3328: Acquired the start mutex.
[Sun Jul 29 19:52:16 2012] [notice] Child 3328: Starting 64 worker threads.
[Sun Jul 29 19:52:16 2012] [notice] Child 3328: Starting thread to listen on port 80.
[Sun Jul 29 19:55:02 2012] [error] [client 91.121.177.251] Directory index forbidden by Options directive: C:/zpanel/panel/
The Apache service is restarting.
The Apache service has restarted.
] Parent: Received restart signal -- Restarting the server.
[Sun Jul 29 20:01:49 2012] [notice] Child 3328: Exit event signaled. Child process is ending.
httpd.exe: Could not reliably determine the server's fully qualified domain name, using 91.121.177.128 for ServerName
[Sun Jul 29 20:01:49 2012] [notice] mod_bw : Memory Allocated 0 bytes (each conf takes 40 bytes)
[Sun Jul 29 20:01:49 2012] [notice] mod_bw : Version 0.92 - Initialized [0 Confs]
[Sun Jul 29 20:01:49 2012] [notice] mod_bw : Supported resolution for Timers [ Min: 1 Max: 1000000 ]
[Sun Jul 29 20:01:49 2012] [notice] mod_bw : Enabling High resolution timers [ 1 ms ]
[Sun Jul 29 20:01:49 2012] [notice] Apache/2.2.19 (Win32) mod_bw/0.92 PHP/5.3.10 configured -- resuming normal operations
[Sun Jul 29 20:01:49 2012] [notice] Server built: May 20 2011 17:39:35
[Sun Jul 29 20:01:49 2012] [notice] Parent: Created child process 2612
httpd.exe: Could not reliably determine the server's fully qualified domain name, using 91.121.177.128 for ServerName
httpd.exe: Could not reliably determine the server's fully qualified domain name, using 91.121.177.128 for ServerName
[Sun Jul 29 20:01:50 2012] [notice] mod_bw : Memory Allocated 0 bytes (each conf takes 40 bytes)
[Sun Jul 29 20:01:50 2012] [notice] mod_bw : Version 0.92 - Initialized [0 Confs]
[Sun Jul 29 20:01:50 2012] [notice] mod_bw : Supported resolution for Timers [ Min: 1 Max: 1000000 ]
[Sun Jul 29 20:01:50 2012] [notice] mod_bw : Enabling High resolution timers [ 1 ms ]
[Sun Jul 29 20:01:50 2012] [notice] Child 2612: Child process is running
[Sun Jul 29 20:01:50 2012] [notice] Child 3328: Released the start mutex
[Sun Jul 29 20:01:50 2012] [notice] Child 2612: Acquired the start mutex.
[Sun Jul 29 20:01:50 2012] [notice] Child 2612: Starting 64 worker threads.
[Sun Jul 29 20:01:51 2012] [notice] Child 3328: All worker threads have exited.
[Sun Jul 29 20:01:51 2012] [notice] Child 3328: Child process is exiting
[Sun Jul 29 20:01:51 2012] [notice] Child 2612: Starting thread to listen on port 80.
httpd.exe: Could not reliably determine the server's fully qualified domain name, using 91.121.177.128 for ServerName
[Mon Aug 13 17:04:40 2012] [warn] pid file C:/zpanel/bin/apache/logs/httpd.pid overwritten -- Unclean shutdown of previous Apache run?
[Mon Aug 13 17:04:40 2012] [notice] mod_bw : Memory Allocated 0 bytes (each conf takes 40 bytes)
[Mon Aug 13 17:04:40 2012] [notice] mod_bw : Version 0.92 - Initialized [0 Confs]
[Mon Aug 13 17:04:40 2012] [notice] mod_bw : Supported resolution for Timers [ Min: 1 Max: 1000000 ]
[Mon Aug 13 17:04:40 2012] [notice] mod_bw : Enabling High resolution timers [ 1 ms ]
[Mon Aug 13 17:04:40 2012] [notice] Apache/2.2.19 (Win32) mod_bw/0.92 PHP/5.3.16-dev configured -- resuming normal operations
[Mon Aug 13 17:04:40 2012] [notice] Server built: May 20 2011 17:39:35
[Mon Aug 13 17:04:40 2012] [notice] Parent: Created child process 1216
httpd.exe: Could not reliably determine the server's fully qualified domain name, using 91.121.177.128 for ServerName
httpd.exe: Could not reliably determine the server's fully qualified domain name, using 91.121.177.128 for ServerName
[Mon Aug 13 17:04:40 2012] [notice] mod_bw : Memory Allocated 0 bytes (each conf takes 40 bytes)
[Mon Aug 13 17:04:40 2012] [notice] mod_bw : Version 0.92 - Initialized [0 Confs]
[Mon Aug 13 17:04:40 2012] [notice] mod_bw : Supported resolution for Timers [ Min: 1 Max: 1000000 ]
[Mon Aug 13 17:04:40 2012] [notice] mod_bw : Enabling High resolution timers [ 1 ms ]
[Mon Aug 13 17:04:40 2012] [notice] Child 1216: Child process is running
[Mon Aug 13 17:04:40 2012] [notice] Child 1216: Acquired the start mutex.
[Mon Aug 13 17:04:40 2012] [notice] Child 1216: Starting 64 worker threads.
[Mon Aug 13 17:04:40 2012] [notice] Child 1216: Starting thread to listen on port 80.
[Mon Aug 13 17:04:51 2012] [notice] Parent: Received shutdown signal -- Shutting down the server.
[Mon Aug 13 17:04:51 2012] [notice] Child 1216: Exit event signaled. Child process is ending.
[Mon Aug 13 17:04:52 2012] [notice] Child 1216: Released the start mutex
[Mon Aug 13 17:04:53 2012] [notice] Child 1216: All worker threads have exited.
[Mon Aug 13 17:04:53 2012] [notice] Child 1216: Child process is exiting
[Mon Aug 13 17:04:53 2012] [notice] Parent: Child process exited successfully.
