120901 20:01:55 [Note] Plugin 'FEDERATED' is disabled.
120901 20:01:55 InnoDB: The InnoDB memory heap is disabled
120901 20:01:55 InnoDB: Mutexes and rw_locks use Windows interlocked functions
120901 20:01:55 InnoDB: Compressed tables use zlib 1.2.3
120901 20:01:55 InnoDB: Initializing buffer pool, size = 128.0M
120901 20:01:55 InnoDB: Completed initialization of buffer pool
InnoDB: The first specified data file .\ibdata1 did not exist:
InnoDB: a new database to be created!
120901 20:01:57  InnoDB: Setting file .\ibdata1 size to 10 MB
InnoDB: Database physically writes the file full: wait...
120901 20:02:07  InnoDB: Log file .\ib_logfile0 did not exist: new to be created
InnoDB: Setting log file .\ib_logfile0 size to 5 MB
InnoDB: Database physically writes the file full: wait...
120901 20:02:07  InnoDB: Log file .\ib_logfile1 did not exist: new to be created
InnoDB: Setting log file .\ib_logfile1 size to 5 MB
InnoDB: Database physically writes the file full: wait...
InnoDB: Doublewrite buffer not found: creating new
InnoDB: Doublewrite buffer created
InnoDB: 127 rollback segment(s) active.
InnoDB: Creating foreign key constraint system tables
InnoDB: Foreign key constraint system tables created
120901 20:02:11  InnoDB: Waiting for the background threads to start
120901 20:02:12 InnoDB: 1.1.8 started; log sequence number 0
120901 20:02:12 [Note] Server hostname (bind-address): '0.0.0.0'; port: 3306
120901 20:02:13 [Note]   - '0.0.0.0' resolves to '0.0.0.0';
120901 20:02:13 [Note] Server socket created on IP: '0.0.0.0'.
120901 20:03:56 [Note] Event Scheduler: Loaded 0 events
120901 20:03:56 [Note] MySQL: ready for connections.
Version: '5.5.27'  socket: ''  port: 3306  MySQL Community Server (GPL)
120901 20:05:58 [Note] MySQL: Normal shutdown

120901 20:05:58 [Note] Event Scheduler: Purging the queue. 0 events
120901 20:05:58  InnoDB: Starting shutdown...
120901 20:06:03  InnoDB: Shutdown completed; log sequence number 1595675
120901 20:06:03 [Note] MySQL: Shutdown complete

120901 20:06:09 [Note] Plugin 'FEDERATED' is disabled.
120901 20:06:09 InnoDB: The InnoDB memory heap is disabled
120901 20:06:09 InnoDB: Mutexes and rw_locks use Windows interlocked functions
120901 20:06:09 InnoDB: Compressed tables use zlib 1.2.3
120901 20:06:09 InnoDB: Initializing buffer pool, size = 128.0M
120901 20:06:09 InnoDB: Completed initialization of buffer pool
120901 20:06:09 InnoDB: highest supported file format is Barracuda.
120901 20:06:12  InnoDB: Waiting for the background threads to start
120901 20:06:13 InnoDB: 1.1.8 started; log sequence number 1595675
120901 20:06:13 [Note] Server hostname (bind-address): '0.0.0.0'; port: 3306
120901 20:06:13 [Note]   - '0.0.0.0' resolves to '0.0.0.0';
120901 20:06:13 [Note] Server socket created on IP: '0.0.0.0'.
120901 20:06:14 [Note] Event Scheduler: Loaded 0 events
120901 20:06:14 [Note] MySQL: ready for connections.
Version: '5.5.27'  socket: ''  port: 3306  MySQL Community Server (GPL)
120901 20:06:30 [Note] MySQL: Normal shutdown

120901 20:06:30 [Note] Event Scheduler: Purging the queue. 0 events
120901 20:06:30  InnoDB: Starting shutdown...
120901 20:06:35  InnoDB: Shutdown completed; log sequence number 1595675
120901 20:06:35 [Note] MySQL: Shutdown complete

120901 20:06:39 [Note] Plugin 'FEDERATED' is disabled.
120901 20:06:39 InnoDB: The InnoDB memory heap is disabled
120901 20:06:39 InnoDB: Mutexes and rw_locks use Windows interlocked functions
120901 20:06:39 InnoDB: Compressed tables use zlib 1.2.3
120901 20:06:39 InnoDB: Initializing buffer pool, size = 128.0M
120901 20:06:39 InnoDB: Completed initialization of buffer pool
120901 20:06:39 InnoDB: highest supported file format is Barracuda.
120901 20:06:47  InnoDB: Waiting for the background threads to start
120901 20:06:48 InnoDB: 1.1.8 started; log sequence number 1595675
120901 20:06:48 [Note] Server hostname (bind-address): '0.0.0.0'; port: 3306
120901 20:06:48 [Note]   - '0.0.0.0' resolves to '0.0.0.0';
120901 20:06:48 [Note] Server socket created on IP: '0.0.0.0'.
120901 20:06:48 [Note] Event Scheduler: Loaded 0 events
120901 20:06:48 [Note] MySQL: ready for connections.
Version: '5.5.27'  socket: ''  port: 3306  MySQL Community Server (GPL)
120901 20:26:52 [Note] MySQL: Normal shutdown

120901 20:26:52 [Note] Event Scheduler: Purging the queue. 0 events
120901 20:26:52  InnoDB: Starting shutdown...
120901 20:26:54  InnoDB: Shutdown completed; log sequence number 1595675
120901 20:26:54 [Note] MySQL: Shutdown complete

120901 20:32:12 [Note] Plugin 'FEDERATED' is disabled.
120901 20:32:12 InnoDB: The InnoDB memory heap is disabled
120901 20:32:12 InnoDB: Mutexes and rw_locks use Windows interlocked functions
120901 20:32:12 InnoDB: Compressed tables use zlib 1.2.3
120901 20:32:12 InnoDB: Initializing buffer pool, size = 128.0M
120901 20:32:13 InnoDB: Completed initialization of buffer pool
120901 20:32:13 InnoDB: highest supported file format is Barracuda.
120901 20:32:20  InnoDB: Waiting for the background threads to start
120901 20:32:21 InnoDB: 1.1.8 started; log sequence number 1595675
120901 20:32:21 [Note] Server hostname (bind-address): '0.0.0.0'; port: 3306
120901 20:32:21 [Note]   - '0.0.0.0' resolves to '0.0.0.0';
120901 20:32:21 [Note] Server socket created on IP: '0.0.0.0'.
120901 20:32:28 [Note] Event Scheduler: Loaded 0 events
120901 20:32:28 [Note] mysql: ready for connections.
Version: '5.5.27'  socket: ''  port: 3306  MySQL Community Server (GPL)
120901 20:33:09 [Note] mysql: Normal shutdown

120901 20:33:09 [Note] Event Scheduler: Purging the queue. 0 events
120901 20:33:09  InnoDB: Starting shutdown...
120901 20:33:15  InnoDB: Shutdown completed; log sequence number 1595675
120901 20:33:15 [Note] mysql: Shutdown complete

